<?xml version="1.0" encoding="UTF-8"?>
<robot generator="Robot 6.1.1 (Python 3.11.0 on win32)" generated="20231120 02:55:26.027" rpa="false" schemaversion="4">
<suite id="s1" name="Register" source="C:\Users\PC\Desktop\HY\OhjelmistoTuotanto\ohtupalautus\viikko3\web-login\src\tests\register.robot">
<kw name="Open And Configure Browser" library="resource" type="SETUP">
<kw name="Evaluate" library="BuiltIn">
<var>${options}</var>
<arg>sys.modules['selenium.webdriver'].ChromeOptions()</arg>
<arg>sys</arg>
<doc>Evaluates the given expression in Python and returns the result.</doc>
<msg timestamp="20231120 02:55:28.333" level="INFO">${options} = &lt;selenium.webdriver.chrome.options.Options object at 0x00000200A41504D0&gt;</msg>
<status status="PASS" starttime="20231120 02:55:28.332" endtime="20231120 02:55:28.333"/>
</kw>
<kw name="Open Browser" library="SeleniumLibrary">
<arg>browser=chrome</arg>
<arg>options=${options}</arg>
<doc>Opens a new browser instance to the optional ``url``.</doc>
<msg timestamp="20231120 02:55:28.333" level="INFO">Opening browser 'chrome' to base url 'None'.</msg>
<status status="PASS" starttime="20231120 02:55:28.333" endtime="20231120 02:55:30.067"/>
</kw>
<kw name="Set Selenium Speed" library="SeleniumLibrary">
<arg>${DELAY}</arg>
<doc>Sets the delay that is waited after each Selenium command.</doc>
<status status="PASS" starttime="20231120 02:55:30.067" endtime="20231120 02:55:30.067"/>
</kw>
<status status="PASS" starttime="20231120 02:55:28.332" endtime="20231120 02:55:30.067"/>
</kw>
<test id="s1-t1" name="Login After Failed Registration" line="31">
<kw name="Go To Register Page" library="resource" type="SETUP">
<kw name="Go To" library="SeleniumLibrary">
<arg>${REGISTER_URL}</arg>
<doc>Navigates the current browser window to the provided ``url``.</doc>
<msg timestamp="20231120 02:55:30.069" level="INFO">Opening url 'http://localhost:5001/register'</msg>
<status status="PASS" starttime="20231120 02:55:30.069" endtime="20231120 02:55:30.916"/>
</kw>
<status status="PASS" starttime="20231120 02:55:30.068" endtime="20231120 02:55:30.916"/>
</kw>
<kw name="Register">
<arg>k</arg>
<arg>kalle123</arg>
<arg>kalle123</arg>
<kw name="Set Username">
<arg>${username}</arg>
<kw name="Input Text" library="SeleniumLibrary">
<arg>username</arg>
<arg>${username}</arg>
<doc>Types the given ``text`` into the text field identified by ``locator``.</doc>
<msg timestamp="20231120 02:55:30.917" level="INFO">Typing text 'k' into text field 'username'.</msg>
<status status="PASS" starttime="20231120 02:55:30.916" endtime="20231120 02:55:32.535"/>
</kw>
<status status="PASS" starttime="20231120 02:55:30.916" endtime="20231120 02:55:32.535"/>
</kw>
<kw name="Set Password">
<arg>${password}</arg>
<kw name="Input Text" library="SeleniumLibrary">
<arg>password</arg>
<arg>${password}</arg>
<doc>Types the given ``text`` into the text field identified by ``locator``.</doc>
<msg timestamp="20231120 02:55:32.536" level="INFO">Typing text 'kalle123' into text field 'password'.</msg>
<status status="PASS" starttime="20231120 02:55:32.535" endtime="20231120 02:55:34.113"/>
</kw>
<status status="PASS" starttime="20231120 02:55:32.535" endtime="20231120 02:55:34.113"/>
</kw>
<kw name="Set Password Confirmation">
<arg>${password_confirmation}</arg>
<kw name="Input Text" library="SeleniumLibrary">
<arg>password_confirmation</arg>
<arg>${password}</arg>
<doc>Types the given ``text`` into the text field identified by ``locator``.</doc>
<msg timestamp="20231120 02:55:34.114" level="INFO">Typing text 'kalle123' into text field 'password_confirmation'.</msg>
<status status="PASS" starttime="20231120 02:55:34.113" endtime="20231120 02:55:35.685"/>
</kw>
<status status="PASS" starttime="20231120 02:55:34.113" endtime="20231120 02:55:35.685"/>
</kw>
<kw name="Click Button" library="SeleniumLibrary">
<arg>Register</arg>
<doc>Clicks the button identified by ``locator``.</doc>
<msg timestamp="20231120 02:55:35.686" level="INFO">Clicking button 'Register'.</msg>
<status status="PASS" starttime="20231120 02:55:35.685" endtime="20231120 02:55:38.082"/>
</kw>
<status status="PASS" starttime="20231120 02:55:30.916" endtime="20231120 02:55:38.082"/>
</kw>
<kw name="Go To Login Page" library="resource">
<kw name="Go To" library="SeleniumLibrary">
<arg>${LOGIN_URL}</arg>
<doc>Navigates the current browser window to the provided ``url``.</doc>
<msg timestamp="20231120 02:55:38.082" level="INFO">Opening url 'http://localhost:5001/login'</msg>
<status status="PASS" starttime="20231120 02:55:38.082" endtime="20231120 02:55:38.915"/>
</kw>
<status status="PASS" starttime="20231120 02:55:38.082" endtime="20231120 02:55:38.915"/>
</kw>
<kw name="Login">
<arg>k</arg>
<arg>kalle123</arg>
<kw name="Set Username">
<arg>${username}</arg>
<kw name="Input Text" library="SeleniumLibrary">
<arg>username</arg>
<arg>${username}</arg>
<doc>Types the given ``text`` into the text field identified by ``locator``.</doc>
<msg timestamp="20231120 02:55:38.916" level="INFO">Typing text 'k' into text field 'username'.</msg>
<status status="PASS" starttime="20231120 02:55:38.916" endtime="20231120 02:55:40.479"/>
</kw>
<status status="PASS" starttime="20231120 02:55:38.915" endtime="20231120 02:55:40.479"/>
</kw>
<kw name="Set Password">
<arg>${password}</arg>
<kw name="Input Text" library="SeleniumLibrary">
<arg>password</arg>
<arg>${password}</arg>
<doc>Types the given ``text`` into the text field identified by ``locator``.</doc>
<msg timestamp="20231120 02:55:40.480" level="INFO">Typing text 'kalle123' into text field 'password'.</msg>
<status status="PASS" starttime="20231120 02:55:40.479" endtime="20231120 02:55:42.049"/>
</kw>
<status status="PASS" starttime="20231120 02:55:40.479" endtime="20231120 02:55:42.049"/>
</kw>
<kw name="Click Button" library="SeleniumLibrary">
<arg>Login</arg>
<doc>Clicks the button identified by ``locator``.</doc>
<msg timestamp="20231120 02:55:42.050" level="INFO">Clicking button 'Login'.</msg>
<status status="PASS" starttime="20231120 02:55:42.049" endtime="20231120 02:55:44.143"/>
</kw>
<status status="PASS" starttime="20231120 02:55:38.915" endtime="20231120 02:55:44.143"/>
</kw>
<kw name="Login Should Fail With Message">
<arg>Invalid username or password</arg>
<kw name="Login Page Should Be Open" library="resource">
<kw name="Title Should Be" library="SeleniumLibrary">
<arg>Login</arg>
<doc>Verifies that the current page title equals ``title``.</doc>
<msg timestamp="20231120 02:55:44.649" level="INFO">Page title is 'Login'.</msg>
<status status="PASS" starttime="20231120 02:55:44.143" endtime="20231120 02:55:44.649"/>
</kw>
<status status="PASS" starttime="20231120 02:55:44.143" endtime="20231120 02:55:44.649"/>
</kw>
<kw name="Page Should Contain" library="SeleniumLibrary">
<arg>${message}</arg>
<doc>Verifies that current page contains ``text``.</doc>
<msg timestamp="20231120 02:55:45.668" level="INFO">Current page contains text 'Invalid username or password'.</msg>
<status status="PASS" starttime="20231120 02:55:44.649" endtime="20231120 02:55:45.668"/>
</kw>
<status status="PASS" starttime="20231120 02:55:44.143" endtime="20231120 02:55:45.668"/>
</kw>
<kw name="Reset Users" type="TEARDOWN">
<kw name="Reset Application" library="AppLibrary">
<status status="PASS" starttime="20231120 02:55:45.668" endtime="20231120 02:55:49.744"/>
</kw>
<status status="PASS" starttime="20231120 02:55:45.668" endtime="20231120 02:55:49.744"/>
</kw>
<status status="PASS" starttime="20231120 02:55:30.067" endtime="20231120 02:55:49.744"/>
</test>
<kw name="Close Browser" library="SeleniumLibrary" type="TEARDOWN">
<doc>Closes the current browser.</doc>
<status status="PASS" starttime="20231120 02:55:49.745" endtime="20231120 02:55:52.292"/>
</kw>
<status status="PASS" starttime="20231120 02:55:26.029" endtime="20231120 02:55:52.292"/>
</suite>
<statistics>
<total>
<stat pass="1" fail="0" skip="0">All Tests</stat>
</total>
<tag>
</tag>
<suite>
<stat pass="1" fail="0" skip="0" id="s1" name="Register">Register</stat>
</suite>
</statistics>
<errors>
</errors>
</robot>
