<?xml version="1.0" encoding="UTF-8"?>
<robot generator="Robot 6.1.1 (Python 3.11.6 on linux)" generated="20231119 19:22:27.608" rpa="false" schemaversion="4">
<suite id="s1" name="Tests" source="/mnt/c/Users/PC/Desktop/HY/OhjelmistoTuotanto/ohtupalautus/viikko3/login-robot/src/tests">
<suite id="s1-s1" name="Login" source="/mnt/c/Users/PC/Desktop/HY/OhjelmistoTuotanto/ohtupalautus/viikko3/login-robot/src/tests/login.robot">
<test id="s1-s1-t1" name="Login With Correct Credentials" line="6">
<kw name="Create User And Input Login Command" type="SETUP">
<kw name="Create User" library="AppLibrary">
<arg>kalle</arg>
<arg>kalle123</arg>
<status status="PASS" starttime="20231119 19:22:27.651" endtime="20231119 19:22:27.652"/>
</kw>
<kw name="Input Login Command" library="resource">
<kw name="Input" library="AppLibrary">
<arg>login</arg>
<status status="PASS" starttime="20231119 19:22:27.652" endtime="20231119 19:22:27.652"/>
</kw>
<status status="PASS" starttime="20231119 19:22:27.652" endtime="20231119 19:22:27.652"/>
</kw>
<status status="PASS" starttime="20231119 19:22:27.651" endtime="20231119 19:22:27.652"/>
</kw>
<kw name="Input Credentials" library="resource">
<arg>kalle</arg>
<arg>kalle123</arg>
<kw name="Input" library="AppLibrary">
<arg>${username}</arg>
<status status="PASS" starttime="20231119 19:22:27.652" endtime="20231119 19:22:27.653"/>
</kw>
<kw name="Input" library="AppLibrary">
<arg>${password}</arg>
<status status="PASS" starttime="20231119 19:22:27.653" endtime="20231119 19:22:27.653"/>
</kw>
<kw name="Run Application" library="AppLibrary">
<status status="PASS" starttime="20231119 19:22:27.653" endtime="20231119 19:22:27.653"/>
</kw>
<status status="PASS" starttime="20231119 19:22:27.652" endtime="20231119 19:22:27.653"/>
</kw>
<kw name="Output Should Contain" library="AppLibrary">
<arg>Logged in</arg>
<status status="PASS" starttime="20231119 19:22:27.653" endtime="20231119 19:22:27.653"/>
</kw>
<status status="PASS" starttime="20231119 19:22:27.651" endtime="20231119 19:22:27.653"/>
</test>
<test id="s1-s1-t2" name="Login With Incorrect password" line="10">
<kw name="Create User And Input Login Command" type="SETUP">
<kw name="Create User" library="AppLibrary">
<arg>kalle</arg>
<arg>kalle123</arg>
<status status="PASS" starttime="20231119 19:22:27.657" endtime="20231119 19:22:27.658"/>
</kw>
<kw name="Input Login Command" library="resource">
<kw name="Input" library="AppLibrary">
<arg>login</arg>
<status status="PASS" starttime="20231119 19:22:27.658" endtime="20231119 19:22:27.658"/>
</kw>
<status status="PASS" starttime="20231119 19:22:27.658" endtime="20231119 19:22:27.658"/>
</kw>
<status status="PASS" starttime="20231119 19:22:27.657" endtime="20231119 19:22:27.658"/>
</kw>
<kw name="Input Credentials" library="resource">
<arg>kalle</arg>
<arg>kalle1234</arg>
<kw name="Input" library="AppLibrary">
<arg>${username}</arg>
<status status="PASS" starttime="20231119 19:22:27.659" endtime="20231119 19:22:27.659"/>
</kw>
<kw name="Input" library="AppLibrary">
<arg>${password}</arg>
<status status="PASS" starttime="20231119 19:22:27.659" endtime="20231119 19:22:27.659"/>
</kw>
<kw name="Run Application" library="AppLibrary">
<status status="PASS" starttime="20231119 19:22:27.659" endtime="20231119 19:22:27.660"/>
</kw>
<status status="PASS" starttime="20231119 19:22:27.659" endtime="20231119 19:22:27.660"/>
</kw>
<kw name="Output Should Contain" library="AppLibrary">
<arg>Invalid username or password</arg>
<status status="PASS" starttime="20231119 19:22:27.660" endtime="20231119 19:22:27.660"/>
</kw>
<status status="PASS" starttime="20231119 19:22:27.655" endtime="20231119 19:22:27.660"/>
</test>
<test id="s1-s1-t3" name="Login With Nonexistent username" line="14">
<kw name="Create User And Input Login Command" type="SETUP">
<kw name="Create User" library="AppLibrary">
<arg>kalle</arg>
<arg>kalle123</arg>
<status status="PASS" starttime="20231119 19:22:27.663" endtime="20231119 19:22:27.663"/>
</kw>
<kw name="Input Login Command" library="resource">
<kw name="Input" library="AppLibrary">
<arg>login</arg>
<status status="PASS" starttime="20231119 19:22:27.663" endtime="20231119 19:22:27.663"/>
</kw>
<status status="PASS" starttime="20231119 19:22:27.663" endtime="20231119 19:22:27.663"/>
</kw>
<status status="PASS" starttime="20231119 19:22:27.662" endtime="20231119 19:22:27.663"/>
</kw>
<kw name="Input Credentials" library="resource">
<arg>kalle123</arg>
<arg>kalle123</arg>
<kw name="Input" library="AppLibrary">
<arg>${username}</arg>
<status status="PASS" starttime="20231119 19:22:27.663" endtime="20231119 19:22:27.663"/>
</kw>
<kw name="Input" library="AppLibrary">
<arg>${password}</arg>
<status status="PASS" starttime="20231119 19:22:27.663" endtime="20231119 19:22:27.663"/>
</kw>
<kw name="Run Application" library="AppLibrary">
<status status="PASS" starttime="20231119 19:22:27.663" endtime="20231119 19:22:27.663"/>
</kw>
<status status="PASS" starttime="20231119 19:22:27.663" endtime="20231119 19:22:27.664"/>
</kw>
<kw name="Output Should Contain" library="AppLibrary">
<arg>Invalid username or password</arg>
<status status="PASS" starttime="20231119 19:22:27.664" endtime="20231119 19:22:27.664"/>
</kw>
<status status="PASS" starttime="20231119 19:22:27.662" endtime="20231119 19:22:27.664"/>
</test>
<status status="PASS" starttime="20231119 19:22:27.633" endtime="20231119 19:22:27.665"/>
</suite>
<suite id="s1-s2" name="Register" source="/mnt/c/Users/PC/Desktop/HY/OhjelmistoTuotanto/ohtupalautus/viikko3/login-robot/src/tests/register.robot">
<test id="s1-s2-t1" name="Register With Valid Username And Password" line="6">
<kw name="Input New Command" type="SETUP">
<kw name="Input" library="AppLibrary">
<arg>new</arg>
<status status="PASS" starttime="20231119 19:22:27.673" endtime="20231119 19:22:27.674"/>
</kw>
<status status="PASS" starttime="20231119 19:22:27.673" endtime="20231119 19:22:27.674"/>
</kw>
<kw name="Input Credentials" library="resource">
<arg>kalle</arg>
<arg>kalle123</arg>
<kw name="Input" library="AppLibrary">
<arg>${username}</arg>
<status status="PASS" starttime="20231119 19:22:27.674" endtime="20231119 19:22:27.674"/>
</kw>
<kw name="Input" library="AppLibrary">
<arg>${password}</arg>
<status status="PASS" starttime="20231119 19:22:27.674" endtime="20231119 19:22:27.674"/>
</kw>
<kw name="Run Application" library="AppLibrary">
<status status="PASS" starttime="20231119 19:22:27.674" endtime="20231119 19:22:27.674"/>
</kw>
<status status="PASS" starttime="20231119 19:22:27.674" endtime="20231119 19:22:27.674"/>
</kw>
<kw name="Output Should Contain" library="AppLibrary">
<arg>New user registered</arg>
<status status="PASS" starttime="20231119 19:22:27.674" endtime="20231119 19:22:27.674"/>
</kw>
<status status="PASS" starttime="20231119 19:22:27.673" endtime="20231119 19:22:27.675"/>
</test>
<test id="s1-s2-t2" name="Register With Already Taken Username And Valid Password" line="10">
<kw name="Input New Command" type="SETUP">
<kw name="Input" library="AppLibrary">
<arg>new</arg>
<status status="PASS" starttime="20231119 19:22:27.676" endtime="20231119 19:22:27.677"/>
</kw>
<status status="PASS" starttime="20231119 19:22:27.676" endtime="20231119 19:22:27.677"/>
</kw>
<kw name="Input Credentials" library="resource">
<arg>kalle</arg>
<arg>kalle123</arg>
<kw name="Input" library="AppLibrary">
<arg>${username}</arg>
<status status="PASS" starttime="20231119 19:22:27.677" endtime="20231119 19:22:27.677"/>
</kw>
<kw name="Input" library="AppLibrary">
<arg>${password}</arg>
<status status="PASS" starttime="20231119 19:22:27.677" endtime="20231119 19:22:27.677"/>
</kw>
<kw name="Run Application" library="AppLibrary">
<status status="PASS" starttime="20231119 19:22:27.677" endtime="20231119 19:22:27.677"/>
</kw>
<status status="PASS" starttime="20231119 19:22:27.677" endtime="20231119 19:22:27.677"/>
</kw>
<kw name="Input" library="AppLibrary">
<arg>new</arg>
<status status="PASS" starttime="20231119 19:22:27.677" endtime="20231119 19:22:27.677"/>
</kw>
<kw name="Input Credentials" library="resource">
<arg>kalle</arg>
<arg>kalle123</arg>
<kw name="Input" library="AppLibrary">
<arg>${username}</arg>
<status status="PASS" starttime="20231119 19:22:27.678" endtime="20231119 19:22:27.678"/>
</kw>
<kw name="Input" library="AppLibrary">
<arg>${password}</arg>
<status status="PASS" starttime="20231119 19:22:27.678" endtime="20231119 19:22:27.678"/>
</kw>
<kw name="Run Application" library="AppLibrary">
<status status="PASS" starttime="20231119 19:22:27.678" endtime="20231119 19:22:27.678"/>
</kw>
<status status="PASS" starttime="20231119 19:22:27.677" endtime="20231119 19:22:27.678"/>
</kw>
<kw name="Output Should Contain" library="AppLibrary">
<arg>Username already exists</arg>
<status status="PASS" starttime="20231119 19:22:27.678" endtime="20231119 19:22:27.678"/>
</kw>
<status status="PASS" starttime="20231119 19:22:27.676" endtime="20231119 19:22:27.678"/>
</test>
<test id="s1-s2-t3" name="Register With Too Short Username And Valid Password" line="16">
<kw name="Input New Command" type="SETUP">
<kw name="Input" library="AppLibrary">
<arg>new</arg>
<status status="PASS" starttime="20231119 19:22:27.680" endtime="20231119 19:22:27.680"/>
</kw>
<status status="PASS" starttime="20231119 19:22:27.680" endtime="20231119 19:22:27.680"/>
</kw>
<kw name="Input Credentials" library="resource">
<arg>k</arg>
<arg>kalle123</arg>
<kw name="Input" library="AppLibrary">
<arg>${username}</arg>
<status status="PASS" starttime="20231119 19:22:27.680" endtime="20231119 19:22:27.680"/>
</kw>
<kw name="Input" library="AppLibrary">
<arg>${password}</arg>
<status status="PASS" starttime="20231119 19:22:27.680" endtime="20231119 19:22:27.680"/>
</kw>
<kw name="Run Application" library="AppLibrary">
<status status="PASS" starttime="20231119 19:22:27.680" endtime="20231119 19:22:27.680"/>
</kw>
<status status="PASS" starttime="20231119 19:22:27.680" endtime="20231119 19:22:27.680"/>
</kw>
<kw name="Output Should Contain" library="AppLibrary">
<arg>Username must be atleast 3 characters</arg>
<status status="PASS" starttime="20231119 19:22:27.681" endtime="20231119 19:22:27.681"/>
</kw>
<status status="PASS" starttime="20231119 19:22:27.679" endtime="20231119 19:22:27.681"/>
</test>
<test id="s1-s2-t4" name="Register With Enough Long But Invalid Username And Valid Password" line="20">
<kw name="Input New Command" type="SETUP">
<kw name="Input" library="AppLibrary">
<arg>new</arg>
<status status="PASS" starttime="20231119 19:22:27.682" endtime="20231119 19:22:27.682"/>
</kw>
<status status="PASS" starttime="20231119 19:22:27.682" endtime="20231119 19:22:27.682"/>
</kw>
<kw name="Input Credentials" library="resource">
<arg>kalle2</arg>
<arg>kalle123</arg>
<kw name="Input" library="AppLibrary">
<arg>${username}</arg>
<status status="PASS" starttime="20231119 19:22:27.683" endtime="20231119 19:22:27.683"/>
</kw>
<kw name="Input" library="AppLibrary">
<arg>${password}</arg>
<status status="PASS" starttime="20231119 19:22:27.683" endtime="20231119 19:22:27.683"/>
</kw>
<kw name="Run Application" library="AppLibrary">
<status status="PASS" starttime="20231119 19:22:27.683" endtime="20231119 19:22:27.683"/>
</kw>
<status status="PASS" starttime="20231119 19:22:27.682" endtime="20231119 19:22:27.683"/>
</kw>
<kw name="Output Should Contain" library="AppLibrary">
<arg>Username must contain only letters a-z</arg>
<status status="PASS" starttime="20231119 19:22:27.683" endtime="20231119 19:22:27.683"/>
</kw>
<status status="PASS" starttime="20231119 19:22:27.682" endtime="20231119 19:22:27.683"/>
</test>
<test id="s1-s2-t5" name="Register With Valid Username And Too Short Password" line="24">
<kw name="Input New Command" type="SETUP">
<kw name="Input" library="AppLibrary">
<arg>new</arg>
<status status="PASS" starttime="20231119 19:22:27.685" endtime="20231119 19:22:27.685"/>
</kw>
<status status="PASS" starttime="20231119 19:22:27.685" endtime="20231119 19:22:27.685"/>
</kw>
<kw name="Input Credentials" library="resource">
<arg>kalle</arg>
<arg>kalle12</arg>
<kw name="Input" library="AppLibrary">
<arg>${username}</arg>
<status status="PASS" starttime="20231119 19:22:27.686" endtime="20231119 19:22:27.686"/>
</kw>
<kw name="Input" library="AppLibrary">
<arg>${password}</arg>
<status status="PASS" starttime="20231119 19:22:27.686" endtime="20231119 19:22:27.686"/>
</kw>
<kw name="Run Application" library="AppLibrary">
<status status="PASS" starttime="20231119 19:22:27.686" endtime="20231119 19:22:27.686"/>
</kw>
<status status="PASS" starttime="20231119 19:22:27.685" endtime="20231119 19:22:27.686"/>
</kw>
<kw name="Output Should Contain" library="AppLibrary">
<arg>Password must be atleast 8 characters</arg>
<status status="PASS" starttime="20231119 19:22:27.687" endtime="20231119 19:22:27.687"/>
</kw>
<status status="PASS" starttime="20231119 19:22:27.684" endtime="20231119 19:22:27.689"/>
</test>
<test id="s1-s2-t6" name="Register With Valid Username And Long Enough Password Containing Only Letters" line="28">
<kw name="Input New Command" type="SETUP">
<kw name="Input" library="AppLibrary">
<arg>new</arg>
<status status="PASS" starttime="20231119 19:22:27.691" endtime="20231119 19:22:27.691"/>
</kw>
<status status="PASS" starttime="20231119 19:22:27.691" endtime="20231119 19:22:27.691"/>
</kw>
<kw name="Input Credentials" library="resource">
<arg>kalle</arg>
<arg>kalleaaa</arg>
<kw name="Input" library="AppLibrary">
<arg>${username}</arg>
<status status="PASS" starttime="20231119 19:22:27.691" endtime="20231119 19:22:27.691"/>
</kw>
<kw name="Input" library="AppLibrary">
<arg>${password}</arg>
<status status="PASS" starttime="20231119 19:22:27.691" endtime="20231119 19:22:27.691"/>
</kw>
<kw name="Run Application" library="AppLibrary">
<status status="PASS" starttime="20231119 19:22:27.691" endtime="20231119 19:22:27.691"/>
</kw>
<status status="PASS" starttime="20231119 19:22:27.691" endtime="20231119 19:22:27.692"/>
</kw>
<kw name="Output Should Contain" library="AppLibrary">
<arg>Password must contain atleast one special character or number</arg>
<status status="PASS" starttime="20231119 19:22:27.692" endtime="20231119 19:22:27.692"/>
</kw>
<status status="PASS" starttime="20231119 19:22:27.690" endtime="20231119 19:22:27.692"/>
</test>
<status status="PASS" starttime="20231119 19:22:27.667" endtime="20231119 19:22:27.693"/>
</suite>
<status status="PASS" starttime="20231119 19:22:27.610" endtime="20231119 19:22:27.695"/>
</suite>
<statistics>
<total>
<stat pass="9" fail="0" skip="0">All Tests</stat>
</total>
<tag>
</tag>
<suite>
<stat pass="9" fail="0" skip="0" id="s1" name="Tests">Tests</stat>
<stat pass="3" fail="0" skip="0" id="s1-s1" name="Login">Tests.Login</stat>
<stat pass="6" fail="0" skip="0" id="s1-s2" name="Register">Tests.Register</stat>
</suite>
</statistics>
<errors>
</errors>
</robot>
